2024-10-11T19:00:16.580750400 [method name readCustomers]: INFO Read line: Sam Weiss
2024-10-11T19:00:16.584749 [method name readCustomers]: INFO Read line: 523.00
2024-10-11T19:00:16.584749 [method name readCustomers]: INFO Read line: 2
2024-10-11T19:00:16.584749 [method name readCustomers]: INFO Read line: 2023
2024-10-11T19:00:16.597750200 [method name readCustomers]: INFO Customer has been read: Customer(fullName=Sam Weiss, totalPurchase=523.0, customerClass=2, lastPurchase=2023, discountedValue=0.0)
2024-10-11T19:00:16.598751500 [method name readCustomers]: INFO Read line: Cristiani Eccher
2024-10-11T19:00:16.598751500 [method name readCustomers]: INFO Read line: 1523.00
2024-10-11T19:00:16.598751500 [method name readCustomers]: INFO Read line: 3
2024-10-11T19:00:16.599751200 [method name readCustomers]: INFO Read line: 2024
2024-10-11T19:00:16.599751200 [method name readCustomers]: INFO Customer has been read: Customer(fullName=Cristiani Eccher, totalPurchase=1523.0, customerClass=3, lastPurchase=2024, discountedValue=0.0)
2024-10-11T19:00:16.599751200 [method name readCustomers]: INFO Read line: Declan Walsh
2024-10-11T19:00:16.600749900 [method name readCustomers]: INFO Read line: 271.00
2024-10-11T19:00:16.600749900 [method name readCustomers]: INFO Read line: 1
2024-10-11T19:00:16.600749900 [method name readCustomers]: INFO Read line: 2024
2024-10-11T19:00:16.601750800 [method name readCustomers]: INFO Customer has been read: Customer(fullName=Declan Walsh, totalPurchase=271.0, customerClass=1, lastPurchase=2024, discountedValue=0.0)
2024-10-11T19:00:16.601750800 [method name readCustomers]: INFO Read line: Barry Smart
2024-10-11T19:00:16.601750800 [method name readCustomers]: INFO Read line: 3475.00
2024-10-11T19:00:16.601750800 [method name readCustomers]: INFO Read line: 1
2024-10-11T19:00:16.602749200 [method name readCustomers]: INFO Read line: 2023
2024-10-11T19:00:16.602749200 [method name readCustomers]: INFO Customer has been read: Customer(fullName=Barry Smart, totalPurchase=3475.0, customerClass=1, lastPurchase=2023, discountedValue=0.0)
2024-10-11T19:00:16.602749200 [method name readCustomers]: INFO Read line: Katie White
2024-10-11T19:00:16.602749200 [method name readCustomers]: INFO Read line: 78.00
2024-10-11T19:00:16.603749 [method name readCustomers]: INFO Read line: 3
2024-10-11T19:00:16.603749 [method name readCustomers]: INFO Read line: 2022
2024-10-11T19:00:16.603749 [method name readCustomers]: INFO Customer has been read: Customer(fullName=Katie White, totalPurchase=78.0, customerClass=3, lastPurchase=2022, discountedValue=0.0)
2024-10-11T19:00:16.603749 [method name readCustomers]: INFO Read line: Peter Nolan
2024-10-11T19:00:16.604748600 [method name readCustomers]: INFO Read line: 188.00
2024-10-11T19:00:16.604748600 [method name readCustomers]: INFO Read line: 2
2024-10-11T19:00:16.604748600 [method name readCustomers]: INFO Read line: 2024
2024-10-11T19:00:16.605749 [method name readCustomers]: INFO Customer has been read: Customer(fullName=Peter Nolan, totalPurchase=188.0, customerClass=2, lastPurchase=2024, discountedValue=0.0)
2024-10-11T19:00:16.605749 [method name readCustomers]: INFO Read line: Daragh Nolan
2024-10-11T19:00:16.605749 [method name readCustomers]: INFO Read line: 31.00
2024-10-11T19:00:16.605749 [method name readCustomers]: INFO Read line: 0
2024-10-11T19:00:16.606750900 [method name readCustomers]: INFO Read line: 2018
2024-10-11T19:00:16.606750900 [method name readCustomers]: INFO Customer has been read: Customer(fullName=Daragh Nolan, totalPurchase=31.0, customerClass=0, lastPurchase=2018, discountedValue=0.0)
2024-10-11T19:00:16.606750900 [method name readCustomers]: INFO Read line: Patrick Moss
2024-10-11T19:00:16.606750900 [method name readCustomers]: INFO Read line: 88.00
2024-10-11T19:00:16.607749600 [method name readCustomers]: INFO Read line: 1
2024-10-11T19:00:16.607749600 [method name readCustomers]: INFO Read line: 2018
2024-10-11T19:00:16.607749600 [method name readCustomers]: INFO Customer has been read: Customer(fullName=Patrick Moss, totalPurchase=88.0, customerClass=1, lastPurchase=2018, discountedValue=0.0)
2024-10-11T19:00:16.609750100 [method name readCustomers]: INFO Total customers: 8
